<?xml version="1.0" encoding="UTF-8"?>
<!-- Generated by org.testng.reporters.JUnitReportReporter -->
<testsuite hostname="USMUMAWANGA11" failures="0" tests="1" name="com.demo.tests.PutTests" time="0.040" errors="0" timestamp="2024-02-01T12:40:12 IST" skipped="0">
  <testcase classname="com.demo.tests.PutTests" name="updateEmployeeDetails" time="0.040"/>
  <system-out/>
</testsuite> <!-- com.demo.tests.PutTests -->
