<?xml version="1.0" encoding="UTF-8"?>
<!-- Generated by org.testng.reporters.JUnitReportReporter -->
<testsuite hostname="USMUMAWANGA11" failures="0" tests="1" name="com.demo.tests.AuthTest" time="3.193" errors="0" timestamp="2024-02-01T12:11:09 IST" skipped="0">
  <testcase classname="com.demo.tests.AuthTest" name="basicAuth" time="3.193"/>
  <system-out/>
</testsuite> <!-- com.demo.tests.AuthTest -->
