<?xml version="1.0" encoding="UTF-8"?>
<!-- Generated by org.testng.reporters.JUnitReportReporter -->
<testsuite hostname="USMUMAWANGA11" failures="0" tests="2" name="com.demo.tests.PostTests" time="5.088" errors="0" timestamp="2024-02-01T12:40:12 IST" skipped="0">
  <testcase classname="com.demo.tests.PostTests" name="postEmployeeData" time="2.544"/>
  <system-out/>
  <testcase classname="com.demo.tests.PostTests" name="postEmployeeDataFromExternalFile" time="2.544"/>
  <system-out/>
</testsuite> <!-- com.demo.tests.PostTests -->
